<?xml version="1.0" encoding="utf-8"?><testsuites name="pytest tests"><testsuite name="pytest" errors="0" failures="0" skipped="0" tests="9" time="1.488" timestamp="2026-02-28T21:09:23.371100+00:00" hostname="agent-env-899d5f47-9648-4b51-aeea-7c24d93a60fb"><testcase classname="backend.tests.test_admin_panel_apis.TestAdminPanelAPIs" name="test_api_root" time="0.162" /><testcase classname="backend.tests.test_admin_panel_apis.TestAdminPanelAPIs" name="test_get_accounts_returns_5_seeded" time="0.107" /><testcase classname="backend.tests.test_admin_panel_apis.TestAdminPanelAPIs" name="test_get_accounts_balance" time="0.062" /><testcase classname="backend.tests.test_admin_panel_apis.TestAdminPanelAPIs" name="test_get_server_terminal_logs" time="0.062" /><testcase classname="backend.tests.test_admin_panel_apis.TestAdminPanelAPIs" name="test_create_account_and_verify" time="0.122" /><testcase classname="backend.tests.test_admin_panel_apis.TestAdminPanelAPIs" name="test_delete_account" time="0.217" /><testcase classname="backend.tests.test_admin_panel_apis.TestAdminPanelAPIs" name="test_delete_nonexistent_account_returns_404" time="0.063" /><testcase classname="backend.tests.test_admin_panel_apis.TestAdminPanelAPIs" name="test_account_balance_updates_after_crud" time="0.348" /><testcase classname="backend.tests.test_admin_panel_apis.TestCleanup" name="test_cleanup_test_accounts" time="0.231" /></testsuite></testsuites>