<?xml version="1.0" encoding="utf-8"?><testsuites name="pytest tests"><testsuite name="pytest" errors="0" failures="0" skipped="0" tests="15" time="2.639" timestamp="2026-04-09T23:31:18.888989+00:00" hostname="agent-env-9eb8bf80-2233-4c92-8b25-f278624a7d5c"><testcase classname="tests.test_api.TestAuthentication" name="test_login_success" time="0.202" /><testcase classname="tests.test_api.TestAuthentication" name="test_login_invalid_password" time="0.131" /><testcase classname="tests.test_api.TestDashboard" name="test_dashboard_stats" time="0.128" /><testcase classname="tests.test_api.TestDashboard" name="test_total_funds" time="0.111" /><testcase classname="tests.test_api.TestDashboard" name="test_chart_data" time="0.113" /><testcase classname="tests.test_api.TestTransactions" name="test_get_transactions_list" time="0.106" /><testcase classname="tests.test_api.TestTransactions" name="test_get_transactions_with_status_filter" time="0.138" /><testcase classname="tests.test_api.TestTransactions" name="test_get_single_transaction" time="0.383" /><testcase classname="tests.test_api.TestTransactions" name="test_get_nonexistent_transaction" time="0.150" /><testcase classname="tests.test_api.TestAnalyticsReports" name="test_analytics_reports_endpoint" time="0.147" /><testcase classname="tests.test_api.TestAccounts" name="test_get_accounts_list" time="0.190" /><testcase classname="tests.test_api.TestAccounts" name="test_get_accounts_balance" time="0.111" /><testcase classname="tests.test_api.TestServerTerminal" name="test_server_terminal_logs" time="0.127" /><testcase classname="tests.test_api.TestTransactionActions" name="test_complete_transaction" time="0.234" /><testcase classname="tests.test_api.TestTransactionActions" name="test_send_notification" time="0.248" /></testsuite></testsuites>